This is XeTeX, Version 3.141592653-2.6-0.999993 (TeX Live 2021) (preloaded format=xelatex 2021.7.5)  6 JUL 2021 20:51
entering extended mode
 restricted \write18 enabled.
 %&-line parsing enabled.
**BB852.tex
(./BB852.tex
LaTeX2e <2021-06-01> patch level 1
L3 programming layer <2021-06-18> (/Users/jones/Library/TinyTeX/texmf-dist/tex/
latex/base/book.cls
Document Class: book 2021/02/12 v1.4n Standard LaTeX document class
(/Users/jones/Library/TinyTeX/texmf-dist/tex/latex/base/bk10.clo
File: bk10.clo 2021/02/12 v1.4n Standard LaTeX file (size option)
)
\c@part=\count178
\c@chapter=\count179
\c@section=\count180
\c@subsection=\count181
\c@subsubsection=\count182
\c@paragraph=\count183
\c@subparagraph=\count184
\c@figure=\count185
\c@table=\count186
\abovecaptionskip=\skip47
\belowcaptionskip=\skip48
\bibindent=\dimen138
) (/Users/jones/Library/TinyTeX/texmf-dist/tex/latex/lm/lmodern.sty
Package: lmodern 2015/05/01 v1.6.1 Latin Modern Fonts
LaTeX Font Info:    Overwriting symbol font `operators' in version `normal'
(Font)                  OT1/cmr/m/n --> OT1/lmr/m/n on input line 22.
LaTeX Font Info:    Overwriting symbol font `letters' in version `normal'
(Font)                  OML/cmm/m/it --> OML/lmm/m/it on input line 23.
LaTeX Font Info:    Overwriting symbol font `symbols' in version `normal'
(Font)                  OMS/cmsy/m/n --> OMS/lmsy/m/n on input line 24.
LaTeX Font Info:    Overwriting symbol font `largesymbols' in version `normal'
(Font)                  OMX/cmex/m/n --> OMX/lmex/m/n on input line 25.
LaTeX Font Info:    Overwriting symbol font `operators' in version `bold'
(Font)                  OT1/cmr/bx/n --> OT1/lmr/bx/n on input line 26.
LaTeX Font Info:    Overwriting symbol font `letters' in version `bold'
(Font)                  OML/cmm/b/it --> OML/lmm/b/it on input line 27.
LaTeX Font Info:    Overwriting symbol font `symbols' in version `bold'
(Font)                  OMS/cmsy/b/n --> OMS/lmsy/b/n on input line 28.
LaTeX Font Info:    Overwriting symbol font `largesymbols' in version `bold'
(Font)                  OMX/cmex/m/n --> OMX/lmex/m/n on input line 29.
LaTeX Font Info:    Overwriting math alphabet `\mathbf' in version `normal'
(Font)                  OT1/cmr/bx/n --> OT1/lmr/bx/n on input line 31.
LaTeX Font Info:    Overwriting math alphabet `\mathsf' in version `normal'
(Font)                  OT1/cmss/m/n --> OT1/lmss/m/n on input line 32.
LaTeX Font Info:    Overwriting math alphabet `\mathit' in version `normal'
(Font)                  OT1/cmr/m/it --> OT1/lmr/m/it on input line 33.
LaTeX Font Info:    Overwriting math alphabet `\mathtt' in version `normal'
(Font)                  OT1/cmtt/m/n --> OT1/lmtt/m/n on input line 34.
LaTeX Font Info:    Overwriting math alphabet `\mathbf' in version `bold'
(Font)                  OT1/cmr/bx/n --> OT1/lmr/bx/n on input line 35.
LaTeX Font Info:    Overwriting math alphabet `\mathsf' in version `bold'
(Font)                  OT1/cmss/bx/n --> OT1/lmss/bx/n on input line 36.
LaTeX Font Info:    Overwriting math alphabet `\mathit' in version `bold'
(Font)                  OT1/cmr/bx/it --> OT1/lmr/bx/it on input line 37.
LaTeX Font Info:    Overwriting math alphabet `\mathtt' in version `bold'
(Font)                  OT1/cmtt/m/n --> OT1/lmtt/m/n on input line 38.
) (/Users/jones/Library/TinyTeX/texmf-dist/tex/latex/amsmath/amsmath.sty
Package: amsmath 2021/04/20 v2.17j AMS math features
\@mathmargin=\skip49
For additional information on amsmath, use the `?' option.
(/Users/jones/Library/TinyTeX/texmf-dist/tex/latex/amsmath/amstext.sty
Package: amstext 2000/06/29 v2.01 AMS text
(/Users/jones/Library/TinyTeX/texmf-dist/tex/latex/amsmath/amsgen.sty
File: amsgen.sty 1999/11/30 v2.0 generic functions
\@emptytoks=\toks16
\ex@=\dimen139
)) (/Users/jones/Library/TinyTeX/texmf-dist/tex/latex/amsmath/amsbsy.sty
Package: amsbsy 1999/11/29 v1.2d Bold Symbols
\pmbraise@=\dimen140
) (/Users/jones/Library/TinyTeX/texmf-dist/tex/latex/amsmath/amsopn.sty
Package: amsopn 2016/03/08 v2.02 operator names
)
\inf@bad=\count187
LaTeX Info: Redefining \frac on input line 234.
\uproot@=\count188
\leftroot@=\count189
LaTeX Info: Redefining \overline on input line 399.
\classnum@=\count190
\DOTSCASE@=\count191
LaTeX Info: Redefining \ldots on input line 496.
LaTeX Info: Redefining \dots on input line 499.
LaTeX Info: Redefining \cdots on input line 620.
\Mathstrutbox@=\box50
\strutbox@=\box51
\big@size=\dimen141
LaTeX Font Info:    Redeclaring font encoding OML on input line 743.
LaTeX Font Info:    Redeclaring font encoding OMS on input line 744.
\macc@depth=\count192
\c@MaxMatrixCols=\count193
\dotsspace@=\muskip16
\c@parentequation=\count194
\dspbrk@lvl=\count195
\tag@help=\toks17
\row@=\count196
\column@=\count197
\maxfields@=\count198
\andhelp@=\toks18
\eqnshift@=\dimen142
\alignsep@=\dimen143
\tagshift@=\dimen144
\tagwidth@=\dimen145
\totwidth@=\dimen146
\lineht@=\dimen147
\@envbody=\toks19
\multlinegap=\skip50
\multlinetaggap=\skip51
\mathdisplay@stack=\toks20
LaTeX Info: Redefining \[ on input line 2923.
LaTeX Info: Redefining \] on input line 2924.
) (/Users/jones/Library/TinyTeX/texmf-dist/tex/generic/iftex/ifxetex.sty
Package: ifxetex 2019/10/25 v0.7 ifxetex legacy package. Use iftex instead.
(/Users/jones/Library/TinyTeX/texmf-dist/tex/generic/iftex/iftex.sty
Package: iftex 2020/03/06 v1.0d TeX engine tests
)) (/Users/jones/Library/TinyTeX/texmf-dist/tex/generic/iftex/ifluatex.sty
Package: ifluatex 2019/10/25 v1.5 ifluatex legacy package. Use iftex instead.
)
(/Users/jones/Library/TinyTeX/texmf-dist/tex/latex/unicode-math/unicode-math.st
y (/Users/jones/Library/TinyTeX/texmf-dist/tex/latex/l3kernel/expl3.sty
Package: expl3 2021-06-18 L3 programming layer (loader) 

(/Users/jones/Library/TinyTeX/texmf-dist/tex/latex/l3backend/l3backend-xetex.de
f
File: l3backend-xetex.def 2021-05-07 L3 backend support: XeTeX
(|extractbb --version)
\c__kernel_sys_dvipdfmx_version_int=\count199
\l__color_backend_stack_int=\count266
\g__color_backend_stack_int=\count267
\g__graphics_track_int=\count268
\l__pdf_internal_box=\box52
\g__pdf_backend_object_int=\count269
\g__pdf_backend_annotation_int=\count270
\g__pdf_backend_link_int=\count271
))
Package: unicode-math 2020/01/31 v0.8q Unicode maths in XeLaTeX and LuaLaTeX

(/Users/jones/Library/TinyTeX/texmf-dist/tex/latex/unicode-math/unicode-math-xe
tex.sty
Package: unicode-math-xetex 2020/01/31 v0.8q Unicode maths in XeLaTeX and LuaLa
TeX

(/Users/jones/Library/TinyTeX/texmf-dist/tex/latex/l3packages/xparse/xparse.sty
Package: xparse 2021-06-18 L3 Experimental document command parser
)
(/Users/jones/Library/TinyTeX/texmf-dist/tex/latex/l3packages/l3keys2e/l3keys2e
.sty
Package: l3keys2e 2021-06-18 LaTeX2e option processing using LaTeX3 keys
) (/Users/jones/Library/TinyTeX/texmf-dist/tex/latex/fontspec/fontspec.sty
Package: fontspec 2020/02/21 v2.7i Font selection for XeLaTeX and LuaLaTeX
(/Users/jones/Library/TinyTeX/texmf-dist/tex/latex/fontspec/fontspec-xetex.sty
Package: fontspec-xetex 2020/02/21 v2.7i Font selection for XeLaTeX and LuaLaTe
X
\l__fontspec_script_int=\count272
\l__fontspec_language_int=\count273
\l__fontspec_strnum_int=\count274
\l__fontspec_tmp_int=\count275
\l__fontspec_tmpa_int=\count276
\l__fontspec_tmpb_int=\count277
\l__fontspec_tmpc_int=\count278
\l__fontspec_em_int=\count279
\l__fontspec_emdef_int=\count280
\l__fontspec_strong_int=\count281
\l__fontspec_strongdef_int=\count282
\l__fontspec_tmpa_dim=\dimen148
\l__fontspec_tmpb_dim=\dimen149
\l__fontspec_tmpc_dim=\dimen150
(/Users/jones/Library/TinyTeX/texmf-dist/tex/latex/base/fontenc.sty
Package: fontenc 2021/04/29 v2.0v Standard LaTeX package
) (/Users/jones/Library/TinyTeX/texmf-dist/tex/latex/fontspec/fontspec.cfg))) (
/Users/jones/Library/TinyTeX/texmf-dist/tex/latex/base/fix-cm.sty
Package: fix-cm 2020/11/24 v1.1t fixes to LaTeX
(/Users/jones/Library/TinyTeX/texmf-dist/tex/latex/base/ts1enc.def
File: ts1enc.def 2001/06/05 v3.0e (jk/car/fm) Standard LaTeX file
LaTeX Font Info:    Redeclaring font encoding TS1 on input line 47.
))
\g__um_fam_int=\count283
\g__um_fonts_used_int=\count284
\l__um_primecount_int=\count285
\g__um_primekern_muskip=\muskip17

(/Users/jones/Library/TinyTeX/texmf-dist/tex/latex/unicode-math/unicode-math-ta
ble.tex))) (/Users/jones/Library/TinyTeX/texmf-dist/tex/latex/xcolor/xcolor.sty
Package: xcolor 2016/05/11 v2.12 LaTeX color extensions (UK)
(/Users/jones/Library/TinyTeX/texmf-dist/tex/latex/graphics-cfg/color.cfg
File: color.cfg 2016/01/02 v1.6 sample color configuration
)
Package xcolor Info: Driver file: xetex.def on input line 225.
(/Users/jones/Library/TinyTeX/texmf-dist/tex/latex/graphics-def/xetex.def
File: xetex.def 2021/03/18 v5.0k Graphics/color driver for xetex
)
Package xcolor Info: Model `cmy' substituted by `cmy0' on input line 1348.
Package xcolor Info: Model `RGB' extended on input line 1364.
Package xcolor Info: Model `HTML' substituted by `rgb' on input line 1366.
Package xcolor Info: Model `Hsb' substituted by `hsb' on input line 1367.
Package xcolor Info: Model `tHsb' substituted by `hsb' on input line 1368.
Package xcolor Info: Model `HSB' substituted by `hsb' on input line 1369.
Package xcolor Info: Model `Gray' substituted by `gray' on input line 1370.
Package xcolor Info: Model `wave' substituted by `hsb' on input line 1371.
) (/Users/jones/Library/TinyTeX/texmf-dist/tex/latex/hyperref/hyperref.sty
Package: hyperref 2021-06-07 v7.00m Hypertext links for LaTeX
(/Users/jones/Library/TinyTeX/texmf-dist/tex/generic/ltxcmds/ltxcmds.sty
Package: ltxcmds 2020-05-10 v1.25 LaTeX kernel commands for general use (HO)
) (/Users/jones/Library/TinyTeX/texmf-dist/tex/generic/pdftexcmds/pdftexcmds.st
y
Package: pdftexcmds 2020-06-27 v0.33 Utility functions of pdfTeX for LuaTeX (HO
)
(/Users/jones/Library/TinyTeX/texmf-dist/tex/generic/infwarerr/infwarerr.sty
Package: infwarerr 2019/12/03 v1.5 Providing info/warning/error messages (HO)
)
Package pdftexcmds Info: \pdf@primitive is available.
Package pdftexcmds Info: \pdf@ifprimitive is available.
Package pdftexcmds Info: \pdfdraftmode not found.
) (/Users/jones/Library/TinyTeX/texmf-dist/tex/latex/graphics/keyval.sty
Package: keyval 2014/10/28 v1.15 key=value parser (DPC)
\KV@toks@=\toks21
) (/Users/jones/Library/TinyTeX/texmf-dist/tex/generic/kvsetkeys/kvsetkeys.sty
Package: kvsetkeys 2019/12/15 v1.18 Key value parser (HO)
)
(/Users/jones/Library/TinyTeX/texmf-dist/tex/generic/kvdefinekeys/kvdefinekeys.
sty
Package: kvdefinekeys 2019-12-19 v1.6 Define keys (HO)
) (/Users/jones/Library/TinyTeX/texmf-dist/tex/generic/pdfescape/pdfescape.sty
Package: pdfescape 2019/12/09 v1.15 Implements pdfTeX's escape features (HO)
) (/Users/jones/Library/TinyTeX/texmf-dist/tex/latex/hycolor/hycolor.sty
Package: hycolor 2020-01-27 v1.10 Color options for hyperref/bookmark (HO)
) (/Users/jones/Library/TinyTeX/texmf-dist/tex/latex/letltxmacro/letltxmacro.st
y
Package: letltxmacro 2019/12/03 v1.6 Let assignment for LaTeX macros (HO)
) (/Users/jones/Library/TinyTeX/texmf-dist/tex/latex/auxhook/auxhook.sty
Package: auxhook 2019-12-17 v1.6 Hooks for auxiliary files (HO)
) (/Users/jones/Library/TinyTeX/texmf-dist/tex/latex/kvoptions/kvoptions.sty
Package: kvoptions 2020-10-07 v3.14 Key value format for package options (HO)
)
\@linkdim=\dimen151
\Hy@linkcounter=\count286
\Hy@pagecounter=\count287
(/Users/jones/Library/TinyTeX/texmf-dist/tex/latex/hyperref/pd1enc.def
File: pd1enc.def 2021-06-07 v7.00m Hyperref: PDFDocEncoding definition (HO)
)
(/Users/jones/Library/TinyTeX/texmf-dist/tex/latex/hyperref/hyperref-langpatche
s.def
File: hyperref-langpatches.def 2021-06-07 v7.00m Hyperref: patches for babel la
nguages
) (/Users/jones/Library/TinyTeX/texmf-dist/tex/generic/intcalc/intcalc.sty
Package: intcalc 2019/12/15 v1.3 Expandable calculations with integers (HO)
) (/Users/jones/Library/TinyTeX/texmf-dist/tex/generic/etexcmds/etexcmds.sty
Package: etexcmds 2019/12/15 v1.7 Avoid name clashes with e-TeX commands (HO)
)
\Hy@SavedSpaceFactor=\count288
(/Users/jones/Library/TinyTeX/texmf-dist/tex/latex/hyperref/puenc.def
File: puenc.def 2021-06-07 v7.00m Hyperref: PDF Unicode definition (HO)
)
Package hyperref Info: Option `unicode' set `true' on input line 4073.
Package hyperref Info: Hyper figures OFF on input line 4192.
Package hyperref Info: Link nesting OFF on input line 4197.
Package hyperref Info: Hyper index ON on input line 4200.
Package hyperref Info: Plain pages OFF on input line 4207.
Package hyperref Info: Backreferencing OFF on input line 4212.
Package hyperref Info: Implicit mode ON; LaTeX internals redefined.
Package hyperref Info: Bookmarks ON on input line 4445.
\c@Hy@tempcnt=\count289
(/Users/jones/Library/TinyTeX/texmf-dist/tex/latex/url/url.sty
\Urlmuskip=\muskip18
Package: url 2013/09/16  ver 3.4  Verb mode for urls, etc.
)
LaTeX Info: Redefining \url on input line 4804.
\XeTeXLinkMargin=\dimen152
(/Users/jones/Library/TinyTeX/texmf-dist/tex/generic/bitset/bitset.sty
Package: bitset 2019/12/09 v1.3 Handle bit-vector datatype (HO)
(/Users/jones/Library/TinyTeX/texmf-dist/tex/generic/bigintcalc/bigintcalc.sty
Package: bigintcalc 2019/12/15 v1.5 Expandable calculations on big integers (HO
)
))
\Fld@menulength=\count290
\Field@Width=\dimen153
\Fld@charsize=\dimen154
Package hyperref Info: Hyper figures OFF on input line 6076.
Package hyperref Info: Link nesting OFF on input line 6081.
Package hyperref Info: Hyper index ON on input line 6084.
Package hyperref Info: backreferencing OFF on input line 6091.
Package hyperref Info: Link coloring OFF on input line 6096.
Package hyperref Info: Link coloring with OCG OFF on input line 6101.
Package hyperref Info: PDF/A mode OFF on input line 6106.
LaTeX Info: Redefining \ref on input line 6146.
LaTeX Info: Redefining \pageref on input line 6150.
(/Users/jones/Library/TinyTeX/texmf-dist/tex/latex/base/atbegshi-ltx.sty
Package: atbegshi-ltx 2021/01/10 v1.0c Emulation of the original atbegshi
package with kernel methods
)
\Hy@abspage=\count291
\c@Item=\count292
\c@Hfootnote=\count293
)
Package hyperref Info: Driver (autodetected): hxetex.
(/Users/jones/Library/TinyTeX/texmf-dist/tex/latex/hyperref/hxetex.def
File: hxetex.def 2021-06-07 v7.00m Hyperref driver for XeTeX
(/Users/jones/Library/TinyTeX/texmf-dist/tex/generic/stringenc/stringenc.sty
Package: stringenc 2019/11/29 v1.12 Convert strings between diff. encodings (HO
)
)
\pdfm@box=\box53
\c@Hy@AnnotLevel=\count294
\HyField@AnnotCount=\count295
\Fld@listcount=\count296
\c@bookmark@seq@number=\count297

(/Users/jones/Library/TinyTeX/texmf-dist/tex/latex/rerunfilecheck/rerunfilechec
k.sty
Package: rerunfilecheck 2019/12/05 v1.9 Rerun checks for auxiliary files (HO)
(/Users/jones/Library/TinyTeX/texmf-dist/tex/latex/base/atveryend-ltx.sty
Package: atveryend-ltx 2020/08/19 v1.0a Emulation of the original atvery packag
e
with kernel methods
)
(/Users/jones/Library/TinyTeX/texmf-dist/tex/generic/uniquecounter/uniquecounte
r.sty
Package: uniquecounter 2019/12/15 v1.4 Provide unlimited unique counter (HO)
)
Package uniquecounter Info: New unique counter `rerunfilecheck' on input line 2
86.
)
\Hy@SectionHShift=\skip52
) (/Users/jones/Library/TinyTeX/texmf-dist/tex/latex/fancyvrb/fancyvrb.sty
Package: fancyvrb 2021/01/20 v3.7 verbatim text (tvz,hv)
\FV@CodeLineNo=\count298
\FV@InFile=\read2
\FV@TabBox=\box54
\c@FancyVerbLine=\count299
\FV@StepNumber=\count300
\FV@OutFile=\write3
) (/Users/jones/Library/TinyTeX/texmf-dist/tex/latex/framed/framed.sty
Package: framed 2011/10/22 v 0.96: framed or shaded text with page breaks
\OuterFrameSep=\skip53
\fb@frw=\dimen155
\fb@frh=\dimen156
\FrameRule=\dimen157
\FrameSep=\dimen158
) (/Users/jones/Library/TinyTeX/texmf-dist/tex/latex/tools/longtable.sty
Package: longtable 2021-05-07 v4.16 Multi-page Table package (DPC)
\LTleft=\skip54
\LTright=\skip55
\LTpre=\skip56
\LTpost=\skip57
\LTchunksize=\count301
\LTcapwidth=\dimen159
\LT@head=\box55
\LT@firsthead=\box56
\LT@foot=\box57
\LT@lastfoot=\box58
\LT@gbox=\box59
\LT@cols=\count302
\LT@rows=\count303
\c@LT@tables=\count304
\c@LT@chunks=\count305
\LT@p@ftn=\toks22
) (/Users/jones/Library/TinyTeX/texmf-dist/tex/latex/booktabs/booktabs.sty
Package: booktabs 2020/01/12 v1.61803398 Publication quality tables
\heavyrulewidth=\dimen160
\lightrulewidth=\dimen161
\cmidrulewidth=\dimen162
\belowrulesep=\dimen163
\belowbottomsep=\dimen164
\aboverulesep=\dimen165
\abovetopsep=\dimen166
\cmidrulesep=\dimen167
\cmidrulekern=\dimen168
\defaultaddspace=\dimen169
\@cmidla=\count306
\@cmidlb=\count307
\@aboverulesep=\dimen170
\@belowrulesep=\dimen171
\@thisruleclass=\count308
\@lastruleclass=\count309
\@thisrulewidth=\dimen172
) (/Users/jones/Library/TinyTeX/texmf-dist/tex/latex/tools/calc.sty
Package: calc 2017/05/25 v4.3 Infix arithmetic (KKT,FJ)
\calc@Acount=\count310
\calc@Bcount=\count311
\calc@Adimen=\dimen173
\calc@Bdimen=\dimen174
\calc@Askip=\skip58
\calc@Bskip=\skip59
LaTeX Info: Redefining \setlength on input line 80.
LaTeX Info: Redefining \addtolength on input line 81.
\calc@Ccount=\count312
\calc@Cskip=\skip60
) (/Users/jones/Library/TinyTeX/texmf-dist/tex/latex/etoolbox/etoolbox.sty
Package: etoolbox 2020/10/05 v2.5k e-TeX tools for LaTeX (JAW)
\etb@tempcnta=\count313
) (/Users/jones/Library/TinyTeX/texmf-dist/tex/latex/mdwtools/footnote.sty
Package: footnote 1997/01/28 1.13 Save footnotes around boxes
\fn@notes=\box60
\fn@width=\dimen175
) (/Users/jones/Library/TinyTeX/texmf-dist/tex/latex/graphics/graphicx.sty
Package: graphicx 2020/12/05 v1.2c Enhanced LaTeX Graphics (DPC,SPQR)
(/Users/jones/Library/TinyTeX/texmf-dist/tex/latex/graphics/graphics.sty
Package: graphics 2021/03/04 v1.4d Standard LaTeX Graphics (DPC,SPQR)
(/Users/jones/Library/TinyTeX/texmf-dist/tex/latex/graphics/trig.sty
Package: trig 2016/01/03 v1.10 sin cos tan (DPC)
) (/Users/jones/Library/TinyTeX/texmf-dist/tex/latex/graphics-cfg/graphics.cfg
File: graphics.cfg 2016/06/04 v1.11 sample graphics configuration
)
Package graphics Info: Driver file: xetex.def on input line 107.
)
\Gin@req@height=\dimen176
\Gin@req@width=\dimen177
) (/Users/jones/Library/TinyTeX/texmf-dist/tex/latex/tcolorbox/tcolorbox.sty
Package: tcolorbox 2021/06/14 version 4.51 text color boxes
(/Users/jones/Library/TinyTeX/texmf-dist/tex/latex/pgf/basiclayer/pgf.sty (/Use
rs/jones/Library/TinyTeX/texmf-dist/tex/latex/pgf/utilities/pgfrcs.sty
(/Users/jones/Library/TinyTeX/texmf-dist/tex/generic/pgf/utilities/pgfutil-comm
on.tex
\pgfutil@everybye=\toks23
\pgfutil@tempdima=\dimen178
\pgfutil@tempdimb=\dimen179

(/Users/jones/Library/TinyTeX/texmf-dist/tex/generic/pgf/utilities/pgfutil-comm
on-lists.tex))
(/Users/jones/Library/TinyTeX/texmf-dist/tex/generic/pgf/utilities/pgfutil-late
x.def
\pgfutil@abb=\box61
)
(/Users/jones/Library/TinyTeX/texmf-dist/tex/generic/pgf/utilities/pgfrcs.code.
tex (/Users/jones/Library/TinyTeX/texmf-dist/tex/generic/pgf/pgf.revision.tex)
Package: pgfrcs 2021/05/15 v3.1.9a (3.1.9a)
))
Package: pgf 2021/05/15 v3.1.9a (3.1.9a)
(/Users/jones/Library/TinyTeX/texmf-dist/tex/latex/pgf/basiclayer/pgfcore.sty (
/Users/jones/Library/TinyTeX/texmf-dist/tex/latex/pgf/systemlayer/pgfsys.sty
(/Users/jones/Library/TinyTeX/texmf-dist/tex/generic/pgf/systemlayer/pgfsys.cod
e.tex
Package: pgfsys 2021/05/15 v3.1.9a (3.1.9a)

(/Users/jones/Library/TinyTeX/texmf-dist/tex/generic/pgf/utilities/pgfkeys.code
.tex
\pgfkeys@pathtoks=\toks24
\pgfkeys@temptoks=\toks25

(/Users/jones/Library/TinyTeX/texmf-dist/tex/generic/pgf/utilities/pgfkeysfilte
red.code.tex
\pgfkeys@tmptoks=\toks26
))
\pgf@x=\dimen180
\pgf@y=\dimen181
\pgf@xa=\dimen182
\pgf@ya=\dimen183
\pgf@xb=\dimen184
\pgf@yb=\dimen185
\pgf@xc=\dimen186
\pgf@yc=\dimen187
\pgf@xd=\dimen188
\pgf@yd=\dimen189
\w@pgf@writea=\write4
\r@pgf@reada=\read3
\c@pgf@counta=\count314
\c@pgf@countb=\count315
\c@pgf@countc=\count316
\c@pgf@countd=\count317
\t@pgf@toka=\toks27
\t@pgf@tokb=\toks28
\t@pgf@tokc=\toks29
\pgf@sys@id@count=\count318
(/Users/jones/Library/TinyTeX/texmf-dist/tex/generic/pgf/systemlayer/pgf.cfg
File: pgf.cfg 2021/05/15 v3.1.9a (3.1.9a)
)
Driver file for pgf: pgfsys-xetex.def

(/Users/jones/Library/TinyTeX/texmf-dist/tex/generic/pgf/systemlayer/pgfsys-xet
ex.def
File: pgfsys-xetex.def 2021/05/15 v3.1.9a (3.1.9a)

(/Users/jones/Library/TinyTeX/texmf-dist/tex/generic/pgf/systemlayer/pgfsys-dvi
pdfmx.def
File: pgfsys-dvipdfmx.def 2021/05/15 v3.1.9a (3.1.9a)

(/Users/jones/Library/TinyTeX/texmf-dist/tex/generic/pgf/systemlayer/pgfsys-com
mon-pdf.def
File: pgfsys-common-pdf.def 2021/05/15 v3.1.9a (3.1.9a)
)
\pgfsys@objnum=\count319
)))
(/Users/jones/Library/TinyTeX/texmf-dist/tex/generic/pgf/systemlayer/pgfsyssoft
path.code.tex
File: pgfsyssoftpath.code.tex 2021/05/15 v3.1.9a (3.1.9a)
\pgfsyssoftpath@smallbuffer@items=\count320
\pgfsyssoftpath@bigbuffer@items=\count321
)
(/Users/jones/Library/TinyTeX/texmf-dist/tex/generic/pgf/systemlayer/pgfsysprot
ocol.code.tex
File: pgfsysprotocol.code.tex 2021/05/15 v3.1.9a (3.1.9a)
))
(/Users/jones/Library/TinyTeX/texmf-dist/tex/generic/pgf/basiclayer/pgfcore.cod
e.tex
Package: pgfcore 2021/05/15 v3.1.9a (3.1.9a)
(/Users/jones/Library/TinyTeX/texmf-dist/tex/generic/pgf/math/pgfmath.code.tex
(/Users/jones/Library/TinyTeX/texmf-dist/tex/generic/pgf/math/pgfmathcalc.code.
tex
(/Users/jones/Library/TinyTeX/texmf-dist/tex/generic/pgf/math/pgfmathutil.code.
tex)
(/Users/jones/Library/TinyTeX/texmf-dist/tex/generic/pgf/math/pgfmathparser.cod
e.tex
\pgfmath@dimen=\dimen190
\pgfmath@count=\count322
\pgfmath@box=\box62
\pgfmath@toks=\toks30
\pgfmath@stack@operand=\toks31
\pgfmath@stack@operation=\toks32
)
(/Users/jones/Library/TinyTeX/texmf-dist/tex/generic/pgf/math/pgfmathfunctions.
code.tex
(/Users/jones/Library/TinyTeX/texmf-dist/tex/generic/pgf/math/pgfmathfunctions.
basic.code.tex)
(/Users/jones/Library/TinyTeX/texmf-dist/tex/generic/pgf/math/pgfmathfunctions.
trigonometric.code.tex)
(/Users/jones/Library/TinyTeX/texmf-dist/tex/generic/pgf/math/pgfmathfunctions.
random.code.tex)
(/Users/jones/Library/TinyTeX/texmf-dist/tex/generic/pgf/math/pgfmathfunctions.
comparison.code.tex)
(/Users/jones/Library/TinyTeX/texmf-dist/tex/generic/pgf/math/pgfmathfunctions.
base.code.tex)
(/Users/jones/Library/TinyTeX/texmf-dist/tex/generic/pgf/math/pgfmathfunctions.
round.code.tex)
(/Users/jones/Library/TinyTeX/texmf-dist/tex/generic/pgf/math/pgfmathfunctions.
misc.code.tex)
(/Users/jones/Library/TinyTeX/texmf-dist/tex/generic/pgf/math/pgfmathfunctions.
integerarithmetics.code.tex)))
(/Users/jones/Library/TinyTeX/texmf-dist/tex/generic/pgf/math/pgfmathfloat.code
.tex
\c@pgfmathroundto@lastzeros=\count323
)) (/Users/jones/Library/TinyTeX/texmf-dist/tex/generic/pgf/math/pgfint.code.te
x)
(/Users/jones/Library/TinyTeX/texmf-dist/tex/generic/pgf/basiclayer/pgfcorepoin
ts.code.tex
File: pgfcorepoints.code.tex 2021/05/15 v3.1.9a (3.1.9a)
\pgf@picminx=\dimen191
\pgf@picmaxx=\dimen192
\pgf@picminy=\dimen193
\pgf@picmaxy=\dimen194
\pgf@pathminx=\dimen195
\pgf@pathmaxx=\dimen196
\pgf@pathminy=\dimen197
\pgf@pathmaxy=\dimen198
\pgf@xx=\dimen199
\pgf@xy=\dimen256
\pgf@yx=\dimen257
\pgf@yy=\dimen258
\pgf@zx=\dimen259
\pgf@zy=\dimen260
)
(/Users/jones/Library/TinyTeX/texmf-dist/tex/generic/pgf/basiclayer/pgfcorepath
construct.code.tex
File: pgfcorepathconstruct.code.tex 2021/05/15 v3.1.9a (3.1.9a)
\pgf@path@lastx=\dimen261
\pgf@path@lasty=\dimen262
)
(/Users/jones/Library/TinyTeX/texmf-dist/tex/generic/pgf/basiclayer/pgfcorepath
usage.code.tex
File: pgfcorepathusage.code.tex 2021/05/15 v3.1.9a (3.1.9a)
\pgf@shorten@end@additional=\dimen263
\pgf@shorten@start@additional=\dimen264
)
(/Users/jones/Library/TinyTeX/texmf-dist/tex/generic/pgf/basiclayer/pgfcorescop
es.code.tex
File: pgfcorescopes.code.tex 2021/05/15 v3.1.9a (3.1.9a)
\pgfpic=\box63
\pgf@hbox=\box64
\pgf@layerbox@main=\box65
\pgf@picture@serial@count=\count324
)
(/Users/jones/Library/TinyTeX/texmf-dist/tex/generic/pgf/basiclayer/pgfcoregrap
hicstate.code.tex
File: pgfcoregraphicstate.code.tex 2021/05/15 v3.1.9a (3.1.9a)
\pgflinewidth=\dimen265
)
(/Users/jones/Library/TinyTeX/texmf-dist/tex/generic/pgf/basiclayer/pgfcoretran
sformations.code.tex
File: pgfcoretransformations.code.tex 2021/05/15 v3.1.9a (3.1.9a)
\pgf@pt@x=\dimen266
\pgf@pt@y=\dimen267
\pgf@pt@temp=\dimen268
)
(/Users/jones/Library/TinyTeX/texmf-dist/tex/generic/pgf/basiclayer/pgfcorequic
k.code.tex
File: pgfcorequick.code.tex 2021/05/15 v3.1.9a (3.1.9a)
)
(/Users/jones/Library/TinyTeX/texmf-dist/tex/generic/pgf/basiclayer/pgfcoreobje
cts.code.tex
File: pgfcoreobjects.code.tex 2021/05/15 v3.1.9a (3.1.9a)
)
(/Users/jones/Library/TinyTeX/texmf-dist/tex/generic/pgf/basiclayer/pgfcorepath
processing.code.tex
File: pgfcorepathprocessing.code.tex 2021/05/15 v3.1.9a (3.1.9a)
)
(/Users/jones/Library/TinyTeX/texmf-dist/tex/generic/pgf/basiclayer/pgfcorearro
ws.code.tex
File: pgfcorearrows.code.tex 2021/05/15 v3.1.9a (3.1.9a)
\pgfarrowsep=\dimen269
)
(/Users/jones/Library/TinyTeX/texmf-dist/tex/generic/pgf/basiclayer/pgfcoreshad
e.code.tex
File: pgfcoreshade.code.tex 2021/05/15 v3.1.9a (3.1.9a)
\pgf@max=\dimen270
\pgf@sys@shading@range@num=\count325
\pgf@shadingcount=\count326
)
(/Users/jones/Library/TinyTeX/texmf-dist/tex/generic/pgf/basiclayer/pgfcoreimag
e.code.tex
File: pgfcoreimage.code.tex 2021/05/15 v3.1.9a (3.1.9a)

(/Users/jones/Library/TinyTeX/texmf-dist/tex/generic/pgf/basiclayer/pgfcoreexte
rnal.code.tex
File: pgfcoreexternal.code.tex 2021/05/15 v3.1.9a (3.1.9a)
\pgfexternal@startupbox=\box66
))
(/Users/jones/Library/TinyTeX/texmf-dist/tex/generic/pgf/basiclayer/pgfcorelaye
rs.code.tex
File: pgfcorelayers.code.tex 2021/05/15 v3.1.9a (3.1.9a)
)
(/Users/jones/Library/TinyTeX/texmf-dist/tex/generic/pgf/basiclayer/pgfcoretran
sparency.code.tex
File: pgfcoretransparency.code.tex 2021/05/15 v3.1.9a (3.1.9a)
)
(/Users/jones/Library/TinyTeX/texmf-dist/tex/generic/pgf/basiclayer/pgfcorepatt
erns.code.tex
File: pgfcorepatterns.code.tex 2021/05/15 v3.1.9a (3.1.9a)
)
(/Users/jones/Library/TinyTeX/texmf-dist/tex/generic/pgf/basiclayer/pgfcorerdf.
code.tex
File: pgfcorerdf.code.tex 2021/05/15 v3.1.9a (3.1.9a)
)))
(/Users/jones/Library/TinyTeX/texmf-dist/tex/generic/pgf/modules/pgfmoduleshape
s.code.tex
File: pgfmoduleshapes.code.tex 2021/05/15 v3.1.9a (3.1.9a)
\pgfnodeparttextbox=\box67
)
(/Users/jones/Library/TinyTeX/texmf-dist/tex/generic/pgf/modules/pgfmoduleplot.
code.tex
File: pgfmoduleplot.code.tex 2021/05/15 v3.1.9a (3.1.9a)
)
(/Users/jones/Library/TinyTeX/texmf-dist/tex/latex/pgf/compatibility/pgfcomp-ve
rsion-0-65.sty
Package: pgfcomp-version-0-65 2021/05/15 v3.1.9a (3.1.9a)
\pgf@nodesepstart=\dimen271
\pgf@nodesepend=\dimen272
)
(/Users/jones/Library/TinyTeX/texmf-dist/tex/latex/pgf/compatibility/pgfcomp-ve
rsion-1-18.sty
Package: pgfcomp-version-1-18 2021/05/15 v3.1.9a (3.1.9a)
)) (/Users/jones/Library/TinyTeX/texmf-dist/tex/latex/tools/verbatim.sty
Package: verbatim 2020-07-07 v1.5u LaTeX2e package for verbatim enhancements
\every@verbatim=\toks33
\verbatim@line=\toks34
\verbatim@in@stream=\read4
) (/Users/jones/Library/TinyTeX/texmf-dist/tex/latex/environ/environ.sty
Package: environ 2014/05/04 v0.3 A new way to define environments
(/Users/jones/Library/TinyTeX/texmf-dist/tex/latex/trimspaces/trimspaces.sty
Package: trimspaces 2009/09/17 v1.1 Trim spaces around a token list
))
\tcb@titlebox=\box68
\tcb@upperbox=\box69
\tcb@lowerbox=\box70
\tcb@phantombox=\box71
\c@tcbbreakpart=\count327
\c@tcblayer=\count328
\c@tcolorbox@number=\count329
\tcb@temp=\box72
\tcb@temp=\box73
\tcb@temp=\box74
\tcb@temp=\box75
) (/Users/jones/Library/TinyTeX/texmf-dist/tex/latex/natbib/natbib.sty
Package: natbib 2010/09/13 8.31b (PWD, AO)
\bibhang=\skip61
\bibsep=\skip62
LaTeX Info: Redefining \cite on input line 694.
\c@NAT@ctr=\count330
)
No file BB852.aux.
\openout1 = `BB852.aux'.

LaTeX Font Info:    Checking defaults for OML/cmm/m/it on input line 138.
LaTeX Font Info:    ... okay on input line 138.
LaTeX Font Info:    Checking defaults for OMS/cmsy/m/n on input line 138.
LaTeX Font Info:    ... okay on input line 138.
LaTeX Font Info:    Checking defaults for OT1/cmr/m/n on input line 138.
LaTeX Font Info:    ... okay on input line 138.
LaTeX Font Info:    Checking defaults for T1/cmr/m/n on input line 138.
LaTeX Font Info:    ... okay on input line 138.
LaTeX Font Info:    Checking defaults for TS1/cmr/m/n on input line 138.
LaTeX Font Info:    ... okay on input line 138.
LaTeX Font Info:    Checking defaults for TU/lmr/m/n on input line 138.
LaTeX Font Info:    ... okay on input line 138.
LaTeX Font Info:    Checking defaults for OMX/cmex/m/n on input line 138.
LaTeX Font Info:    ... okay on input line 138.
LaTeX Font Info:    Checking defaults for U/cmr/m/n on input line 138.
LaTeX Font Info:    ... okay on input line 138.
LaTeX Font Info:    Checking defaults for PD1/pdf/m/n on input line 138.
LaTeX Font Info:    ... okay on input line 138.
LaTeX Font Info:    Checking defaults for PU/pdf/m/n on input line 138.
LaTeX Font Info:    ... okay on input line 138.
LaTeX Font Info:    Overwriting math alphabet `\mathrm' in version `normal'
(Font)                  OT1/lmr/m/n --> TU/lmr/m/n on input line 138.
LaTeX Font Info:    Overwriting math alphabet `\mathit' in version `normal'
(Font)                  OT1/lmr/m/it --> TU/lmr/m/it on input line 138.
LaTeX Font Info:    Overwriting math alphabet `\mathbf' in version `normal'
(Font)                  OT1/lmr/bx/n --> TU/lmr/bx/n on input line 138.
LaTeX Font Info:    Overwriting math alphabet `\mathsf' in version `normal'
(Font)                  OT1/lmss/m/n --> TU/lmss/m/n on input line 138.
LaTeX Font Info:    Overwriting math alphabet `\mathsf' in version `bold'
(Font)                  OT1/lmss/bx/n --> TU/lmss/bx/n on input line 138.
LaTeX Font Info:    Overwriting math alphabet `\mathtt' in version `normal'
(Font)                  OT1/lmtt/m/n --> TU/lmtt/m/n on input line 138.
LaTeX Font Info:    Overwriting math alphabet `\mathtt' in version `bold'
(Font)                  OT1/lmtt/m/n --> TU/lmtt/bx/n on input line 138.

Package fontspec Info: latinmodern-math scale = 0.9999964596882403.


Package fontspec Info: latinmodern-math scale = 0.9999964596882403.


Package fontspec Info: latinmodern-math scale = 0.9999964596882403.


Package fontspec Info: Font family 'latinmodern-math.otf(0)' created for font
(fontspec)             'latinmodern-math.otf' with options
(fontspec)             [Scale=MatchLowercase,BoldItalicFont={},ItalicFont={},Sm
allCapsFont={},Script=Math,BoldFont={latinmodern-math.otf}].
(fontspec)              
(fontspec)              This font family consists of the following NFSS
(fontspec)             series/shapes:
(fontspec)              
(fontspec)             - 'normal' (m/n) with NFSS spec.:
(fontspec)             <->s*[0.9999964596882403]"[latinmodern-math.otf]/OT:scri
pt=math;language=dflt;"
(fontspec)             - 'small caps'  (m/sc) with NFSS spec.: 
(fontspec)             - 'bold' (b/n) with NFSS spec.:
(fontspec)             <->s*[0.9999964596882403]"[latinmodern-math.otf]/OT:scri
pt=math;language=dflt;"
(fontspec)             - 'bold small caps'  (b/sc) with NFSS spec.: 

LaTeX Font Info:    Font shape `TU/latinmodern-math.otf(0)/m/n' will be
(Font)              scaled to size 10.0pt on input line 138.

Package fontspec Info: latinmodern-math scale = 0.9999964596882403.


Package fontspec Info: latinmodern-math scale = 0.9999964596882403.


Package fontspec Info: latinmodern-math scale = 0.9999964596882403.


Package fontspec Info: latinmodern-math scale = 0.9999964596882403.


Package fontspec Info: latinmodern-math scale = 0.9999964596882403.


Package fontspec Info: Font family 'latinmodern-math.otf(1)' created for font
(fontspec)             'latinmodern-math.otf' with options
(fontspec)             [Scale=MatchLowercase,BoldItalicFont={},ItalicFont={},Sm
allCapsFont={},Script=Math,SizeFeatures={{Size=8.5-},{Size=6-8.5,Font=latinmode
rn-math.otf,Style=MathScript},{Size=-6,Font=latinmodern-math.otf,Style=MathScri
ptScript}},BoldFont={latinmodern-math.otf}].
(fontspec)              
(fontspec)              This font family consists of the following NFSS
(fontspec)             series/shapes:
(fontspec)              
(fontspec)             - 'normal' (m/n) with NFSS spec.:
(fontspec)             <8.5->s*[0.9999964596882403]"[latinmodern-math.otf]/OT:s
cript=math;language=dflt;"<6-8.5>s*[0.9999964596882403]"[latinmodern-math.otf]/
OT:script=math;language=dflt;+ssty=0;"<-6>s*[0.9999964596882403]"[latinmodern-m
ath.otf]/OT:script=math;language=dflt;+ssty=1;"
(fontspec)             - 'small caps'  (m/sc) with NFSS spec.: 
(fontspec)             - 'bold' (b/n) with NFSS spec.:
(fontspec)             <->s*[0.9999964596882403]"[latinmodern-math.otf]/OT:scri
pt=math;language=dflt;"
(fontspec)             - 'bold small caps'  (b/sc) with NFSS spec.: 

LaTeX Font Info:    Font shape `TU/latinmodern-math.otf(1)/m/n' will be
(Font)              scaled to size 10.0pt on input line 138.
LaTeX Font Info:    Encoding `OT1' has changed to `TU' for symbol font
(Font)              `operators' in the math version `normal' on input line 138.

LaTeX Font Info:    Overwriting symbol font `operators' in version `normal'
(Font)                  OT1/lmr/m/n --> TU/latinmodern-math.otf(1)/m/n on input
 line 138.
LaTeX Font Info:    Encoding `OT1' has changed to `TU' for symbol font
(Font)              `operators' in the math version `bold' on input line 138.
LaTeX Font Info:    Overwriting symbol font `operators' in version `bold'
(Font)                  OT1/lmr/bx/n --> TU/latinmodern-math.otf(1)/b/n on inpu
t line 138.

Package fontspec Info: latinmodern-math scale = 0.9999964596882403.


Package fontspec Info: latinmodern-math scale = 1.000096459334209.


Package fontspec Info: latinmodern-math scale = 0.9999964596882403.


Package fontspec Info: latinmodern-math scale = 1.000096459334209.


Package fontspec Info: latinmodern-math scale = 0.9999964596882403.


Package fontspec Info: latinmodern-math scale = 1.000096459334209.


Package fontspec Info: latinmodern-math scale = 0.9999964596882403.


Package fontspec Info: latinmodern-math scale = 1.000096459334209.


Package fontspec Info: latinmodern-math scale = 0.9999964596882403.


Package fontspec Info: latinmodern-math scale = 1.000096459334209.


Package fontspec Info: Font family 'latinmodern-math.otf(2)' created for font
(fontspec)             'latinmodern-math.otf' with options
(fontspec)             [Scale=MatchLowercase,BoldItalicFont={},ItalicFont={},Sm
allCapsFont={},Script=Math,SizeFeatures={{Size=8.5-},{Size=6-8.5,Font=latinmode
rn-math.otf,Style=MathScript},{Size=-6,Font=latinmodern-math.otf,Style=MathScri
ptScript}},BoldFont={latinmodern-math.otf},ScaleAgain=1.0001,FontAdjustment={\f
ontdimen
(fontspec)             8\font =6.77pt\relax \fontdimen 9\font =3.94pt\relax
(fontspec)             \fontdimen 10\font =4.44pt\relax \fontdimen 11\font
(fontspec)             =6.86pt\relax \fontdimen 12\font =3.45pt\relax
(fontspec)             \fontdimen 13\font =3.63pt\relax \fontdimen 14\font
(fontspec)             =3.63pt\relax \fontdimen 15\font =2.89pt\relax
(fontspec)             \fontdimen 16\font =2.47pt\relax \fontdimen 17\font
(fontspec)             =2.47pt\relax \fontdimen 18\font =2.5pt\relax
(fontspec)             \fontdimen 19\font =2.0pt\relax \fontdimen 22\font
(fontspec)             =2.5pt\relax \fontdimen 20\font =0pt\relax \fontdimen
(fontspec)             21\font =0pt\relax }].
(fontspec)              
(fontspec)              This font family consists of the following NFSS
(fontspec)             series/shapes:
(fontspec)              
(fontspec)             - 'normal' (m/n) with NFSS spec.:
(fontspec)             <8.5->s*[1.000096459334209]"[latinmodern-math.otf]/OT:sc
ript=math;language=dflt;"<6-8.5>s*[1.000096459334209]"[latinmodern-math.otf]/OT
:script=math;language=dflt;+ssty=0;"<-6>s*[1.000096459334209]"[latinmodern-math
.otf]/OT:script=math;language=dflt;+ssty=1;"
(fontspec)             - 'small caps'  (m/sc) with NFSS spec.: 
(fontspec)             and font adjustment code:
(fontspec)             \fontdimen 8\font =6.77pt\relax \fontdimen 9\font
(fontspec)             =3.94pt\relax \fontdimen 10\font =4.44pt\relax
(fontspec)             \fontdimen 11\font =6.86pt\relax \fontdimen 12\font
(fontspec)             =3.45pt\relax \fontdimen 13\font =3.63pt\relax
(fontspec)             \fontdimen 14\font =3.63pt\relax \fontdimen 15\font
(fontspec)             =2.89pt\relax \fontdimen 16\font =2.47pt\relax
(fontspec)             \fontdimen 17\font =2.47pt\relax \fontdimen 18\font
(fontspec)             =2.5pt\relax \fontdimen 19\font =2.0pt\relax \fontdimen
(fontspec)             22\font =2.5pt\relax \fontdimen 20\font =0pt\relax
(fontspec)             \fontdimen 21\font =0pt\relax 
(fontspec)             - 'bold' (b/n) with NFSS spec.:
(fontspec)             <->s*[1.000096459334209]"[latinmodern-math.otf]/OT:scrip
t=math;language=dflt;"
(fontspec)             - 'bold small caps'  (b/sc) with NFSS spec.: 
(fontspec)             and font adjustment code:
(fontspec)             \fontdimen 8\font =6.77pt\relax \fontdimen 9\font
(fontspec)             =3.94pt\relax \fontdimen 10\font =4.44pt\relax
(fontspec)             \fontdimen 11\font =6.86pt\relax \fontdimen 12\font
(fontspec)             =3.45pt\relax \fontdimen 13\font =3.63pt\relax
(fontspec)             \fontdimen 14\font =3.63pt\relax \fontdimen 15\font
(fontspec)             =2.89pt\relax \fontdimen 16\font =2.47pt\relax
(fontspec)             \fontdimen 17\font =2.47pt\relax \fontdimen 18\font
(fontspec)             =2.5pt\relax \fontdimen 19\font =2.0pt\relax \fontdimen
(fontspec)             22\font =2.5pt\relax \fontdimen 20\font =0pt\relax
(fontspec)             \fontdimen 21\font =0pt\relax 

LaTeX Font Info:    Encoding `OMS' has changed to `TU' for symbol font
(Font)              `symbols' in the math version `normal' on input line 138.
LaTeX Font Info:    Overwriting symbol font `symbols' in version `normal'
(Font)                  OMS/lmsy/m/n --> TU/latinmodern-math.otf(2)/m/n on inpu
t line 138.
LaTeX Font Info:    Encoding `OMS' has changed to `TU' for symbol font
(Font)              `symbols' in the math version `bold' on input line 138.
LaTeX Font Info:    Overwriting symbol font `symbols' in version `bold'
(Font)                  OMS/lmsy/b/n --> TU/latinmodern-math.otf(2)/b/n on inpu
t line 138.

Package fontspec Info: latinmodern-math scale = 0.9999964596882403.


Package fontspec Info: latinmodern-math scale = 0.9998964600422715.


Package fontspec Info: latinmodern-math scale = 0.9999964596882403.


Package fontspec Info: latinmodern-math scale = 0.9998964600422715.


Package fontspec Info: latinmodern-math scale = 0.9999964596882403.


Package fontspec Info: latinmodern-math scale = 0.9998964600422715.


Package fontspec Info: latinmodern-math scale = 0.9999964596882403.


Package fontspec Info: latinmodern-math scale = 0.9998964600422715.


Package fontspec Info: latinmodern-math scale = 0.9999964596882403.


Package fontspec Info: latinmodern-math scale = 0.9998964600422715.


Package fontspec Info: Font family 'latinmodern-math.otf(3)' created for font
(fontspec)             'latinmodern-math.otf' with options
(fontspec)             [Scale=MatchLowercase,BoldItalicFont={},ItalicFont={},Sm
allCapsFont={},Script=Math,SizeFeatures={{Size=8.5-},{Size=6-8.5,Font=latinmode
rn-math.otf,Style=MathScript},{Size=-6,Font=latinmodern-math.otf,Style=MathScri
ptScript}},BoldFont={latinmodern-math.otf},ScaleAgain=0.9999,FontAdjustment={\f
ontdimen
(fontspec)             8\font =0.4pt\relax \fontdimen 9\font =2.0pt\relax
(fontspec)             \fontdimen 10\font =1.67pt\relax \fontdimen 11\font
(fontspec)             =1.11pt\relax \fontdimen 12\font =6.0pt\relax
(fontspec)             \fontdimen 13\font =0pt\relax }].
(fontspec)              
(fontspec)              This font family consists of the following NFSS
(fontspec)             series/shapes:
(fontspec)              
(fontspec)             - 'normal' (m/n) with NFSS spec.:
(fontspec)             <8.5->s*[0.9998964600422715]"[latinmodern-math.otf]/OT:s
cript=math;language=dflt;"<6-8.5>s*[0.9998964600422715]"[latinmodern-math.otf]/
OT:script=math;language=dflt;+ssty=0;"<-6>s*[0.9998964600422715]"[latinmodern-m
ath.otf]/OT:script=math;language=dflt;+ssty=1;"
(fontspec)             - 'small caps'  (m/sc) with NFSS spec.: 
(fontspec)             and font adjustment code:
(fontspec)             \fontdimen 8\font =0.4pt\relax \fontdimen 9\font
(fontspec)             =2.0pt\relax \fontdimen 10\font =1.67pt\relax
(fontspec)             \fontdimen 11\font =1.11pt\relax \fontdimen 12\font
(fontspec)             =6.0pt\relax \fontdimen 13\font =0pt\relax 
(fontspec)             - 'bold' (b/n) with NFSS spec.:
(fontspec)             <->s*[0.9998964600422715]"[latinmodern-math.otf]/OT:scri
pt=math;language=dflt;"
(fontspec)             - 'bold small caps'  (b/sc) with NFSS spec.: 
(fontspec)             and font adjustment code:
(fontspec)             \fontdimen 8\font =0.4pt\relax \fontdimen 9\font
(fontspec)             =2.0pt\relax \fontdimen 10\font =1.67pt\relax
(fontspec)             \fontdimen 11\font =1.11pt\relax \fontdimen 12\font
(fontspec)             =6.0pt\relax \fontdimen 13\font =0pt\relax 

LaTeX Font Info:    Encoding `OMX' has changed to `TU' for symbol font
(Font)              `largesymbols' in the math version `normal' on input line 1
38.
LaTeX Font Info:    Overwriting symbol font `largesymbols' in version `normal'
(Font)                  OMX/lmex/m/n --> TU/latinmodern-math.otf(3)/m/n on inpu
t line 138.
LaTeX Font Info:    Encoding `OMX' has changed to `TU' for symbol font
(Font)              `largesymbols' in the math version `bold' on input line 138
.
LaTeX Font Info:    Overwriting symbol font `largesymbols' in version `bold'
(Font)                  OMX/lmex/m/n --> TU/latinmodern-math.otf(3)/b/n on inpu
t line 138.
Package hyperref Info: Link coloring OFF on input line 138.
(/Users/jones/Library/TinyTeX/texmf-dist/tex/latex/hyperref/nameref.sty
Package: nameref 2021-04-02 v2.47 Cross-referencing by name of section
(/Users/jones/Library/TinyTeX/texmf-dist/tex/latex/refcount/refcount.sty
Package: refcount 2019/12/15 v3.6 Data extraction from label references (HO)
)
(/Users/jones/Library/TinyTeX/texmf-dist/tex/generic/gettitlestring/gettitlestr
ing.sty
Package: gettitlestring 2019/12/15 v1.6 Cleanup title references (HO)
)
\c@section@level=\count331
)
LaTeX Info: Redefining \ref on input line 138.
LaTeX Info: Redefining \pageref on input line 138.
LaTeX Info: Redefining \nameref on input line 138.
\@outlinefile=\write5
\openout5 = `BB852.out'.


Package hyperref Warning: Rerun to get /PageLabels entry.

LaTeX Font Info:    Font shape `TU/latinmodern-math.otf(1)/m/n' will be
(Font)              scaled to size 12.0pt on input line 140.
LaTeX Font Info:    Font shape `TU/latinmodern-math.otf(1)/m/n' will be
(Font)              scaled to size 8.0pt on input line 140.
LaTeX Font Info:    Font shape `TU/latinmodern-math.otf(1)/m/n' will be
(Font)              scaled to size 6.0pt on input line 140.
LaTeX Font Info:    Trying to load font information for OML+lmm on input line 1
40.
(/Users/jones/Library/TinyTeX/texmf-dist/tex/latex/lm/omllmm.fd
File: omllmm.fd 2015/05/01 v1.6.1 Font defs for Latin Modern
)
LaTeX Font Info:    Font shape `TU/latinmodern-math.otf(2)/m/n' will be
(Font)              scaled to size 12.0011pt on input line 140.
LaTeX Font Info:    Font shape `TU/latinmodern-math.otf(2)/m/n' will be
(Font)              scaled to size 8.00073pt on input line 140.
LaTeX Font Info:    Font shape `TU/latinmodern-math.otf(2)/m/n' will be
(Font)              scaled to size 6.00055pt on input line 140.
LaTeX Font Info:    Font shape `TU/latinmodern-math.otf(3)/m/n' will be
(Font)              scaled to size 11.99872pt on input line 140.
LaTeX Font Info:    Font shape `TU/latinmodern-math.otf(3)/m/n' will be
(Font)              scaled to size 7.99915pt on input line 140.
LaTeX Font Info:    Font shape `TU/latinmodern-math.otf(3)/m/n' will be
(Font)              scaled to size 5.99936pt on input line 140.
[1


] [2

]
\tf@toc=\write6
\openout6 = `BB852.toc'.

[3] [4

]
Chapter 1.
LaTeX Font Info:    Font shape `TU/latinmodern-math.otf(1)/m/n' will be
(Font)              scaled to size 7.0pt on input line 150.
LaTeX Font Info:    Font shape `TU/latinmodern-math.otf(1)/m/n' will be
(Font)              scaled to size 5.0pt on input line 150.
LaTeX Font Info:    Font shape `TU/latinmodern-math.otf(2)/m/n' will be
(Font)              scaled to size 10.00092pt on input line 150.
LaTeX Font Info:    Font shape `TU/latinmodern-math.otf(2)/m/n' will be
(Font)              scaled to size 7.00064pt on input line 150.
LaTeX Font Info:    Font shape `TU/latinmodern-math.otf(2)/m/n' will be
(Font)              scaled to size 5.00046pt on input line 150.
LaTeX Font Info:    Font shape `TU/latinmodern-math.otf(3)/m/n' will be
(Font)              scaled to size 9.99893pt on input line 150.
LaTeX Font Info:    Font shape `TU/latinmodern-math.otf(3)/m/n' will be
(Font)              scaled to size 6.99925pt on input line 150.
LaTeX Font Info:    Font shape `TU/latinmodern-math.otf(3)/m/n' will be
(Font)              scaled to size 4.99947pt on input line 150.
[5] [6] [7] [8

]
Chapter 2.
File: BB852_files/figure-latex/unnamed-chunk-5-1.pdf Graphic file (type pdf)
<use BB852_files/figure-latex/unnamed-chunk-5-1.pdf>
[9] [10]
Chapter 3.
[11

]
Overfull \hbox (3.9pt too wide) in paragraph at lines 280--281
[][][][][][][] [] [][][][][][][][][]$[]\TU/lmr/m/n/10 . Select the correct vers
ion for your computer (Mac/Windows)
 []


Underfull \vbox (badness 1515) has occurred while \output is active []

[12] [13] [14] [15] [16]
Chapter 4.
[17

]
Overfull \hbox (1.5pt too wide) in paragraph at lines 634--634
[]\TU/lmtt/m/n/10 ## [1] 1.0000000 0.6666667 0.5000000 4.0000000 0.7142857 0.11
11111[] 
 []

[18] [19] [20] [21]
File: BB852_files/figure-latex/unnamed-chunk-39-1.pdf Graphic file (type pdf)
<use BB852_files/figure-latex/unnamed-chunk-39-1.pdf>

Underfull \vbox (badness 3536) has occurred while \output is active []

[22]
File: BB852_files/figure-latex/unnamed-chunk-40-1.pdf Graphic file (type pdf)
<use BB852_files/figure-latex/unnamed-chunk-40-1.pdf>
[23] [24] [25]
Overfull \hbox (38.25pt too wide) in paragraph at lines 1085--1085
[]\TU/lmtt/m/n/10 ##  [1] "Order"       "SuperFamily" "Family"      "Genus"    
   "Species"[] 
 []


Overfull \hbox (12.0pt too wide) in paragraph at lines 1086--1086
[]\TU/lmtt/m/n/10 ##  [6] "FW"          "SW"          "FB"          "SB"       
   "LS"[] 
 []


Overfull \hbox (12.0pt too wide) in paragraph at lines 1087--1087
[]\TU/lmtt/m/n/10 ## [11] "GL"          "BW"          "WA"          "AI"       
   "LY"[] 
 []

[26]
Overfull \hbox (48.75pt too wide) in paragraph at lines 1143--1143
[]\TU/lmtt/m/n/10 ## [1] "Ailuridae"   "Canidae"     "Felidae"     "Hyaenidae" 
  "Mustelidae"[] 
 []


Overfull \hbox (43.5pt too wide) in paragraph at lines 1160--1160
[]\TU/lmtt/m/n/10 ##   Ailuridae     Canidae     Felidae   Hyaenidae  Mustelida
e Procyonidae[] 
 []


Overfull \hbox (43.5pt too wide) in paragraph at lines 1161--1161
[]\TU/lmtt/m/n/10 ##           1          18          19           4          3
0           4[] 
 []


Overfull \hbox (43.5pt too wide) in paragraph at lines 1175--1175
[]\TU/lmtt/m/n/10 ##   Ailuridae     Canidae     Felidae   Hyaenidae  Mustelida
e Procyonidae[] 
 []


Overfull \hbox (43.5pt too wide) in paragraph at lines 1176--1176
[]\TU/lmtt/m/n/10 ##  120.000000    9.050000   31.432105   33.540000    3.98900
0    3.642500[] 
 []


LaTeX Warning: Reference `fig:basicplot' on page 27 undefined on input line 118
4.

[27]
File: BB852_files/figure-latex/basicplot-1.pdf Graphic file (type pdf)
<use BB852_files/figure-latex/basicplot-1.pdf>
[28] [29] [30]
Chapter 5.

Underfull \hbox (badness 4582) in paragraph at lines 1286--1288
[]\TU/lmr/m/n/10 Run code from script beginning to current line: Ctrl+Alt+B
 []


Overfull \hbox (14.88393pt too wide) in paragraph at lines 1288--1290
[]\TU/lmr/m/n/10 Comment/uncomment current line/selection: Ctrl+Shift+C (Cmd+Sh
ift+C) 
 []

[31

] [32] [33] [34

] [35] [36]
Chapter 6.
LaTeX Font Info:    Font shape `TU/lmtt/bx/n' in size <24.88> not available
(Font)              Font shape `TU/lmtt/b/n' tried instead on input line 1354.
[37

]
Overfull \hbox (69.75pt too wide) in paragraph at lines 1397--1397
[]\TU/lmtt/m/n/10 ##  $ Timestamp  : chr  "2013-05-14" "2013-05-03" "2013-06-25
" "2013-06-18" ...[] 
 []


Overfull \hbox (59.25pt too wide) in paragraph at lines 1398--1398
[]\TU/lmtt/m/n/10 ##  $ Year       : int  2013 2013 2013 2013 2013 2013 2013 20
13 2013 2013 ...[] 
 []


Overfull \hbox (6.75pt too wide) in paragraph at lines 1399--1399
[]\TU/lmtt/m/n/10 ##  $ Day        : int  134 123 176 169 112 112 116 183 143 1
07 ...[] 
 []

LaTeX Font Info:    Font shape `TU/lmtt/bx/n' in size <14.4> not available
(Font)              Font shape `TU/lmtt/b/n' tried instead on input line 1415.
[38] [39]
File: BB852_files/figure-latex/unnamed-chunk-67-1.pdf Graphic file (type pdf)
<use BB852_files/figure-latex/unnamed-chunk-67-1.pdf>
[40]
Overfull \hbox (12.0pt too wide) in paragraph at lines 1551--1551
[]\TU/lmtt/m/n/10 ##  Length:5604        Min.   :2013   Min.   : 60.0   Min.   
:  1.00[] 
 []


Overfull \hbox (12.0pt too wide) in paragraph at lines 1552--1552
[]\TU/lmtt/m/n/10 ##  Class :character   1st Qu.:2014   1st Qu.:116.0   1st Qu.
: 29.75[] 
 []


Overfull \hbox (12.0pt too wide) in paragraph at lines 1553--1553
[]\TU/lmtt/m/n/10 ##  Mode  :character   Median :2014   Median :133.0   Median 
: 57.00[] 
 []


Overfull \hbox (12.0pt too wide) in paragraph at lines 1554--1554
[]\TU/lmtt/m/n/10 ##                     Mean   :2015   Mean   :133.2   Mean   
: 55.83[] 
 []


Overfull \hbox (12.0pt too wide) in paragraph at lines 1555--1555
[]\TU/lmtt/m/n/10 ##                     3rd Qu.:2017   3rd Qu.:148.0   3rd Qu.
: 85.00[] 
 []


Overfull \hbox (12.0pt too wide) in paragraph at lines 1556--1556
[]\TU/lmtt/m/n/10 ##                     Max.   :2019   Max.   :212.0   Max.   
:101.00[] 
 []

[41]
File: BB852_files/figure-latex/unnamed-chunk-72-1.pdf Graphic file (type pdf)
<use BB852_files/figure-latex/unnamed-chunk-72-1.pdf>
File: BB852_files/figure-latex/unnamed-chunk-73-1.pdf Graphic file (type pdf)
<use BB852_files/figure-latex/unnamed-chunk-73-1.pdf>

Underfull \vbox (badness 10000) has occurred while \output is active []

[42]
File: BB852_files/figure-latex/unnamed-chunk-74-1.pdf Graphic file (type pdf)
<use BB852_files/figure-latex/unnamed-chunk-74-1.pdf>
[43]
File: BB852_files/figure-latex/unnamed-chunk-77-1.pdf Graphic file (type pdf)
<use BB852_files/figure-latex/unnamed-chunk-77-1.pdf>
[44]
Underfull \vbox (badness 2302) has occurred while \output is active []

[45]
Underfull \hbox (badness 1389) in paragraph at lines 1746--1749
\TU/lmr/m/n/10 taxonomic variables (\TU/lmtt/m/n/10 class\TU/lmr/m/n/10 , \TU/l
mtt/m/n/10 genus \TU/lmr/m/n/10 & \TU/lmtt/m/n/10 species\TU/lmr/m/n/10 ) and \
TU/lmtt/m/n/10 longevity_y\TU/lmr/m/n/10 ,
 []


Underfull \hbox (badness 10000) in paragraph at lines 1746--1749
\TU/lmtt/m/n/10 litter_or_clutch_size_n\TU/lmr/m/n/10 , \TU/lmtt/m/n/10 litters
_or_clutches_per_y\TU/lmr/m/n/10 , and
 []

[46]
Overfull \hbox (14.93451pt too wide) has occurred while \output is active
\TU/lmr/m/sl/10 6.6.  EXERCISE: WRANGLING THE AMNIOTE LIFE HISTORY DATABASE \TU
/lmr/m/n/10 47
 []

[47] [48

]
Chapter 7.
[49] [50] [51]
Overfull \hbox (54.0pt too wide) in paragraph at lines 1913--1913
[]\TU/lmtt/m/n/10 ##                     species female_maturity_d logMaturity 
Red.List.status 
 []


Overfull \hbox (54.0pt too wide) in paragraph at lines 1914--1914
[]\TU/lmtt/m/n/10 ## 1         Echinops telfairi         278.42000    5.629131 
             LC[] 
 []


Overfull \hbox (54.0pt too wide) in paragraph at lines 1915--1915
[]\TU/lmtt/m/n/10 ## 2    Hemicentetes nigriceps          48.57000    3.883006 
             LC[] 
 []


Overfull \hbox (54.0pt too wide) in paragraph at lines 1916--1916
[]\TU/lmtt/m/n/10 ## 3 Hemicentetes semispinosus          46.19892    3.832956 
             LC[] 
 []


Overfull \hbox (54.0pt too wide) in paragraph at lines 1917--1917
[]\TU/lmtt/m/n/10 ## 4         Microgale dobsoni         669.59200    6.506669 
             LC[] 
 []


Overfull \hbox (54.0pt too wide) in paragraph at lines 1918--1918
[]\TU/lmtt/m/n/10 ## 5        Microgale talazaci         639.00000    6.459904 
             LC[] 
 []


Overfull \hbox (54.0pt too wide) in paragraph at lines 1919--1919
[]\TU/lmtt/m/n/10 ## 6           Setifer setosus         198.00000    5.288267 
             LC[] 
 []


Overfull \hbox (33.0pt too wide) in paragraph at lines 1929--1929
[]\TU/lmtt/m/n/10 ##    species          female_maturity_d  logMaturity    Red.
List.status 
 []


Overfull \hbox (17.25pt too wide) in paragraph at lines 1930--1930
[]\TU/lmtt/m/n/10 ##  Length:2000        Min.   :  23.81   Min.   :3.170   LC  
   :1219[] 
 []


Overfull \hbox (17.25pt too wide) in paragraph at lines 1931--1931
[]\TU/lmtt/m/n/10 ##  Class :character   1st Qu.: 121.53   1st Qu.:4.800   VU  
   : 176[] 
 []


Overfull \hbox (17.25pt too wide) in paragraph at lines 1932--1932
[]\TU/lmtt/m/n/10 ##  Mode  :character   Median : 344.12   Median :5.841   EN  
   : 168[] 
 []


Overfull \hbox (17.25pt too wide) in paragraph at lines 1933--1933
[]\TU/lmtt/m/n/10 ##                     Mean   : 574.92   Mean   :5.745   NT  
   : 114[] 
 []


Overfull \hbox (17.25pt too wide) in paragraph at lines 1934--1934
[]\TU/lmtt/m/n/10 ##                     3rd Qu.: 696.38   3rd Qu.:6.546   CR  
   :  66[] 
 []


Overfull \hbox (17.25pt too wide) in paragraph at lines 1935--1935
[]\TU/lmtt/m/n/10 ##                     Max.   :6391.56   Max.   :8.763   (Oth
er):  10[] 
 []


Overfull \hbox (17.25pt too wide) in paragraph at lines 1936--1936
[]\TU/lmtt/m/n/10 ##                                                       NA's
   : 247[] 
 []

[52]
File: BB852_files/figure-latex/unnamed-chunk-91-1.pdf Graphic file (type pdf)
<use BB852_files/figure-latex/unnamed-chunk-91-1.pdf>
[53] [54]
File: BB852_files/figure-latex/unnamed-chunk-97-1.pdf Graphic file (type pdf)
<use BB852_files/figure-latex/unnamed-chunk-97-1.pdf>

Underfull \vbox (badness 3942) has occurred while \output is active []

[55] [56] [57] [58

] [59] [60]
Chapter 8.
[61

]
File: BB852_files/figure-latex/unnamed-chunk-103-1.pdf Graphic file (type pdf)
<use BB852_files/figure-latex/unnamed-chunk-103-1.pdf>
File: BB852_files/figure-latex/unnamed-chunk-104-1.pdf Graphic file (type pdf)
<use BB852_files/figure-latex/unnamed-chunk-104-1.pdf>

Underfull \vbox (badness 10000) has occurred while \output is active []

[62]
File: BB852_files/figure-latex/unnamed-chunk-105-1.pdf Graphic file (type pdf)
<use BB852_files/figure-latex/unnamed-chunk-105-1.pdf>
[63]
File: BB852_files/figure-latex/unnamed-chunk-106-1.pdf Graphic file (type pdf)
<use BB852_files/figure-latex/unnamed-chunk-106-1.pdf>
File: BB852_files/figure-latex/unnamed-chunk-107-1.pdf Graphic file (type pdf)
<use BB852_files/figure-latex/unnamed-chunk-107-1.pdf>

Underfull \vbox (badness 10000) has occurred while \output is active []

[64]
File: BB852_files/figure-latex/unnamed-chunk-108-1.pdf Graphic file (type pdf)
<use BB852_files/figure-latex/unnamed-chunk-108-1.pdf>

Underfull \vbox (badness 10000) has occurred while \output is active []

[65]
File: BB852_files/figure-latex/unnamed-chunk-109-1.pdf Graphic file (type pdf)
<use BB852_files/figure-latex/unnamed-chunk-109-1.pdf>

Underfull \hbox (badness 1931) in paragraph at lines 2264--2268
[]\TU/lmr/m/n/10 You can change whether the separate graphs are presented in
 []


Underfull \hbox (badness 3536) in paragraph at lines 2264--2268
\TU/lmr/m/n/10 a rows or columns by changing the order of the argument:
 []

[66]
File: BB852_files/figure-latex/unnamed-chunk-111-1.pdf Graphic file (type pdf)
<use BB852_files/figure-latex/unnamed-chunk-111-1.pdf>
[67]
File: BB852_files/figure-latex/unnamed-chunk-112-1.pdf Graphic file (type pdf)
<use BB852_files/figure-latex/unnamed-chunk-112-1.pdf>
[68]
File: BB852_files/figure-latex/unnamed-chunk-115-1.pdf Graphic file (type pdf)
<use BB852_files/figure-latex/unnamed-chunk-115-1.pdf>
File: BB852_files/figure-latex/unnamed-chunk-117-1.pdf Graphic file (type pdf)
<use BB852_files/figure-latex/unnamed-chunk-117-1.pdf>

Underfull \vbox (badness 10000) has occurred while \output is active []

[69]
File: BB852_files/figure-latex/unnamed-chunk-118-1.pdf Graphic file (type pdf)
<use BB852_files/figure-latex/unnamed-chunk-118-1.pdf>

Underfull \vbox (badness 10000) has occurred while \output is active []

[70] [71]
File: BB852_files/figure-latex/unnamed-chunk-122-1.pdf Graphic file (type pdf)
<use BB852_files/figure-latex/unnamed-chunk-122-1.pdf>
[72]
Chapter 9.
File: BB852_files/figure-latex/unnamed-chunk-124-1.pdf Graphic file (type pdf)
<use BB852_files/figure-latex/unnamed-chunk-124-1.pdf>

Underfull \vbox (badness 10000) has occurred while \output is active []

[73

]
Overfull \hbox (1.5pt too wide) in paragraph at lines 2455--2455
[]\TU/lmtt/m/n/10 ## [1] 0.8860899 5.9511727 0.4674129 6.2696362 3.0969106 5.30
58671 
 []

[74]
File: BB852_files/figure-latex/unnamed-chunk-128-1.pdf Graphic file (type pdf)
<use BB852_files/figure-latex/unnamed-chunk-128-1.pdf>
[75]
File: BB852_files/figure-latex/unnamed-chunk-130-1.pdf Graphic file (type pdf)
<use BB852_files/figure-latex/unnamed-chunk-130-1.pdf>
File: BB852_files/figure-latex/unnamed-chunk-131-1.pdf Graphic file (type pdf)
<use BB852_files/figure-latex/unnamed-chunk-131-1.pdf>
[76] [77]
File: BB852_files/figure-latex/unnamed-chunk-135-1.pdf Graphic file (type pdf)
<use BB852_files/figure-latex/unnamed-chunk-135-1.pdf>
[78]
File: BB852_files/figure-latex/unnamed-chunk-137-1.pdf Graphic file (type pdf)
<use BB852_files/figure-latex/unnamed-chunk-137-1.pdf>
File: BB852_files/figure-latex/unnamed-chunk-138-1.pdf Graphic file (type pdf)
<use BB852_files/figure-latex/unnamed-chunk-138-1.pdf>

Underfull \vbox (badness 10000) has occurred while \output is active []

[79]
File: BB852_files/figure-latex/unnamed-chunk-141-1.pdf Graphic file (type pdf)
<use BB852_files/figure-latex/unnamed-chunk-141-1.pdf>

Underfull \vbox (badness 4967) has occurred while \output is active []

[80] [81]
File: BB852_files/figure-latex/unnamed-chunk-143-1.pdf Graphic file (type pdf)
<use BB852_files/figure-latex/unnamed-chunk-143-1.pdf>

Underfull \vbox (badness 10000) has occurred while \output is active []

[82]
File: BB852_files/figure-latex/unnamed-chunk-145-1.pdf Graphic file (type pdf)
<use BB852_files/figure-latex/unnamed-chunk-145-1.pdf>
[83] [84]
File: BB852_files/figure-latex/unnamed-chunk-149-1.pdf Graphic file (type pdf)
<use BB852_files/figure-latex/unnamed-chunk-149-1.pdf>
[85]
File: BB852_files/figure-latex/unnamed-chunk-153-1.pdf Graphic file (type pdf)
<use BB852_files/figure-latex/unnamed-chunk-153-1.pdf>
[86] [87] [88

]
Chapter 10.
[89]
Overfull \hbox (22.5pt too wide) in paragraph at lines 2940--2940
[]\TU/lmtt/m/n/10 ##     Class              Order             Species          
     Mass 
 []


Overfull \hbox (59.25pt too wide) in paragraph at lines 2941--2941
[]\TU/lmtt/m/n/10 ##  Length:3231        Length:3231        Length:3231        
Min.   :   0.001[] 
 []


Overfull \hbox (59.25pt too wide) in paragraph at lines 2942--2942
[]\TU/lmtt/m/n/10 ##  Class :character   Class :character   Class :character   
1st Qu.:   0.026[] 
 []


Overfull \hbox (59.25pt too wide) in paragraph at lines 2943--2943
[]\TU/lmtt/m/n/10 ##  Mode  :character   Mode  :character   Mode  :character   
Median :   0.131[] 
 []


Overfull \hbox (59.25pt too wide) in paragraph at lines 2944--2944
[]\TU/lmtt/m/n/10 ##                                                           
Mean   :  13.188[] 
 []


Overfull \hbox (59.25pt too wide) in paragraph at lines 2945--2945
[]\TU/lmtt/m/n/10 ##                                                           
3rd Qu.:   1.111[] 
 []


Overfull \hbox (59.25pt too wide) in paragraph at lines 2946--2946
[]\TU/lmtt/m/n/10 ##                                                           
Max.   :3672.000[] 
 []


Overfull \hbox (38.25pt too wide) in paragraph at lines 2947--2947
[]\TU/lmtt/m/n/10 ##                                                           
NA's   :2604[] 
 []

File: BB852_files/figure-latex/unnamed-chunk-156-1.pdf Graphic file (type pdf)
<use BB852_files/figure-latex/unnamed-chunk-156-1.pdf>
[90]
File: BB852_files/figure-latex/unnamed-chunk-157-1.pdf Graphic file (type pdf)
<use BB852_files/figure-latex/unnamed-chunk-157-1.pdf>
File: BB852_files/figure-latex/unnamed-chunk-158-1.pdf Graphic file (type pdf)
<use BB852_files/figure-latex/unnamed-chunk-158-1.pdf>

Underfull \vbox (badness 10000) has occurred while \output is active []

[91]
File: BB852_files/figure-latex/unnamed-chunk-159-1.pdf Graphic file (type pdf)
<use BB852_files/figure-latex/unnamed-chunk-159-1.pdf>

Underfull \vbox (badness 10000) has occurred while \output is active []

[92]
File: BB852_files/figure-latex/unnamed-chunk-160-1.pdf Graphic file (type pdf)
<use BB852_files/figure-latex/unnamed-chunk-160-1.pdf>
File: BB852_files/figure-latex/unnamed-chunk-161-1.pdf Graphic file (type pdf)
<use BB852_files/figure-latex/unnamed-chunk-161-1.pdf>
[93]
File: BB852_files/figure-latex/unnamed-chunk-162-1.pdf Graphic file (type pdf)
<use BB852_files/figure-latex/unnamed-chunk-162-1.pdf>
[94]
File: BB852_files/figure-latex/unnamed-chunk-163-1.pdf Graphic file (type pdf)
<use BB852_files/figure-latex/unnamed-chunk-163-1.pdf>
[95]
File: BB852_files/figure-latex/unnamed-chunk-164-1.pdf Graphic file (type pdf)
<use BB852_files/figure-latex/unnamed-chunk-164-1.pdf>
File: BB852_files/figure-latex/unnamed-chunk-165-1.pdf Graphic file (type pdf)
<use BB852_files/figure-latex/unnamed-chunk-165-1.pdf>
[96]
File: BB852_files/figure-latex/unnamed-chunk-166-1.pdf Graphic file (type pdf)
<use BB852_files/figure-latex/unnamed-chunk-166-1.pdf>
File: BB852_files/figure-latex/unnamed-chunk-168-1.pdf Graphic file (type pdf)
<use BB852_files/figure-latex/unnamed-chunk-168-1.pdf>

Underfull \vbox (badness 10000) has occurred while \output is active []

[97]
File: BB852_files/figure-latex/unnamed-chunk-169-1.pdf Graphic file (type pdf)
<use BB852_files/figure-latex/unnamed-chunk-169-1.pdf>

Underfull \vbox (badness 10000) has occurred while \output is active []

[98]
Underfull \hbox (badness 2608) in paragraph at lines 3127--3128
[]\TU/lmr/m/n/10 There are several themes included with \TU/lmtt/m/n/10 ggplot\
TU/lmr/m/n/10 . Try my favourite,
 []

File: BB852_files/figure-latex/unnamed-chunk-170-1.pdf Graphic file (type pdf)
<use BB852_files/figure-latex/unnamed-chunk-170-1.pdf>
File: BB852_files/figure-latex/unnamed-chunk-172-1.pdf Graphic file (type pdf)
<use BB852_files/figure-latex/unnamed-chunk-172-1.pdf>
[99]
File: BB852_files/figure-latex/unnamed-chunk-173-1.pdf Graphic file (type pdf)
<use BB852_files/figure-latex/unnamed-chunk-173-1.pdf>

Underfull \vbox (badness 10000) has occurred while \output is active []

[100]
File: BB852_files/figure-latex/unnamed-chunk-174-1.pdf Graphic file (type pdf)
<use BB852_files/figure-latex/unnamed-chunk-174-1.pdf>
[101]
File: BB852_files/figure-latex/unnamed-chunk-177-1.pdf Graphic file (type pdf)
<use BB852_files/figure-latex/unnamed-chunk-177-1.pdf>
File: BB852_files/figure-latex/unnamed-chunk-178-1.pdf Graphic file (type pdf)
<use BB852_files/figure-latex/unnamed-chunk-178-1.pdf>
[102]
File: BB852_files/figure-latex/unnamed-chunk-179-1.pdf Graphic file (type pdf)
<use BB852_files/figure-latex/unnamed-chunk-179-1.pdf>
File: BB852_files/figure-latex/unnamed-chunk-180-1.pdf Graphic file (type pdf)
<use BB852_files/figure-latex/unnamed-chunk-180-1.pdf>

Underfull \vbox (badness 10000) has occurred while \output is active []

[103] [104] [105] [106

] [107] [108]
Chapter 11.
[109

]
File: BB852_files/figure-latex/unnamed-chunk-186-1.pdf Graphic file (type pdf)
<use BB852_files/figure-latex/unnamed-chunk-186-1.pdf>
[110] [111]
Overfull \hbox (38.25pt too wide) in paragraph at lines 3432--3432
[]\TU/lmtt/m/n/10 ##  [1]  11.500000  -6.500000 -19.166667  -1.833333  -7.83333
3  21.166667 
 []


Underfull \hbox (badness 1478) in paragraph at lines 3436--3437
[]\TU/lmr/m/n/10 You can see that the \TU/lmtt/m/n/10 replicate \TU/lmr/m/n/10 
command simply does the sampling-
 []


Underfull \hbox (badness 10000) in paragraph at lines 3457--3458
[]\TU/lmtt/m/n/10 summarise() ungrouping output (override with .groups
 []


Underfull \vbox (badness 1558) has occurred while \output is active []

[112]
File: BB852_files/figure-latex/unnamed-chunk-193-1.pdf Graphic file (type pdf)
<use BB852_files/figure-latex/unnamed-chunk-193-1.pdf>
[113]
File: BB852_files/figure-latex/unnamed-chunk-194-1.pdf Graphic file (type pdf)
<use BB852_files/figure-latex/unnamed-chunk-194-1.pdf>
[114] [115]
File: BB852_files/figure-latex/unnamed-chunk-198-1.pdf Graphic file (type pdf)
<use BB852_files/figure-latex/unnamed-chunk-198-1.pdf>
[116]
File: BB852_files/figure-latex/unnamed-chunk-199-1.pdf Graphic file (type pdf)
<use BB852_files/figure-latex/unnamed-chunk-199-1.pdf>
[117] [118]
File: BB852_files/figure-latex/unnamed-chunk-208-1.pdf Graphic file (type pdf)
<use BB852_files/figure-latex/unnamed-chunk-208-1.pdf>

Underfull \vbox (badness 6758) has occurred while \output is active []

[119]
File: BB852_files/figure-latex/unnamed-chunk-209-1.pdf Graphic file (type pdf)
<use BB852_files/figure-latex/unnamed-chunk-209-1.pdf>

Underfull \vbox (badness 10000) has occurred while \output is active []

[120] [121] [122]
Chapter 12.
[123

]
File: BB852_files/figure-latex/one_sample_vis-1.pdf Graphic file (type pdf)
<use BB852_files/figure-latex/one_sample_vis-1.pdf>

Overfull \hbox (5.01627pt too wide) in paragraph at lines 3843--3844
 []\TU/lmr/m/n/10 {[] 
 []


! LaTeX Error: \caption outside float.

See the LaTeX manual or LaTeX Companion for explanation.
Type  H <return>  for immediate help.
 ...                                              
                                                  
l.3847 \caption
               {Visualisation of a t-test.} 
Here is how much of TeX's memory you used:
 26201 strings out of 478451
 525857 string characters out of 5857705
 945135 words of memory out of 5000000
 46064 multiletter control sequences out of 15000+600000
 407473 words of font info for 77 fonts, out of 8000000 for 9000
 14 hyphenation exceptions out of 8191
 87i,8n,120p,964b,582s stack positions out of 5000i,500n,10000p,200000b,80000s

Output written on BB852.pdf (123 pages).
